<?xml version="1.0" encoding="UTF-8"?>
<!-- Generated by org.testng.reporters.JUnitReportReporter -->
<testsuite hostname="DESKTOP-6MP55UK" failures="0" tests="7" name="com.springbot.practice.MAadhaarTestscode" time="59.805" errors="0" timestamp="2022-10-13T23:54:05 IST" skipped="0">
  <testcase classname="com.springbot.practice.MAadhaarTestscode" name="testing" time="7.750"/>
  <system-out/>
  <testcase classname="com.springbot.practice.MAadhaarTestscode" name="signup" time="8.959"/>
  <system-out/>
  <testcase classname="com.springbot.practice.MAadhaarTestscode" name="signin" time="7.073"/>
  <system-out/>
  <testcase classname="com.springbot.practice.MAadhaarTestscode" name="adminhome" time="7.785"/>
  <system-out/>
  <testcase classname="com.springbot.practice.MAadhaarTestscode" name="userhome" time="8.978"/>
  <system-out/>
  <testcase classname="com.springbot.practice.MAadhaarTestscode" name="loadusers" time="7.005"/>
  <system-out/>
  <testcase classname="com.springbot.practice.MAadhaarTestscode" name="approve" time="12.255"/>
  <system-out/>
</testsuite> <!-- com.springbot.practice.MAadhaarTestscode -->
